2024-11-18 16:29:22 0 [Note] Starting MariaDB 10.4.32-MariaDB source revision c4143f909528e3fab0677a28631d10389354c491 as process 972
2024-11-18 16:29:22 0 [Note] InnoDB: Mutexes and rw_locks use Windows interlocked functions
2024-11-18 16:29:22 0 [Note] InnoDB: Uses event mutexes
2024-11-18 16:29:22 0 [Note] InnoDB: Compressed tables use zlib 1.3
2024-11-18 16:29:22 0 [Note] InnoDB: Number of pools: 1
2024-11-18 16:29:22 0 [Note] InnoDB: Using SSE2 crc32 instructions
2024-11-18 16:29:22 0 [Note] InnoDB: Initializing buffer pool, total size = 16M, instances = 1, chunk size = 16M
2024-11-18 16:29:22 0 [Note] InnoDB: Completed initialization of buffer pool
2024-11-18 16:29:22 0 [Note] InnoDB: Starting crash recovery from checkpoint LSN=300288
2024-11-18 16:29:22 0 [Note] InnoDB: 128 out of 128 rollback segments are active.
2024-11-18 16:29:22 0 [Note] InnoDB: Removed temporary tablespace data file: "ibtmp1"
2024-11-18 16:29:22 0 [Note] InnoDB: Creating shared tablespace for temporary tables
2024-11-18 16:29:22 0 [Note] InnoDB: Setting file 'C:\xampp\mysql\data\ibtmp1' size to 12 MB. Physically writing the file full; Please wait ...
2024-11-18 16:29:22 0 [Note] InnoDB: File 'C:\xampp\mysql\data\ibtmp1' size is now 12 MB.
2024-11-18 16:29:22 0 [Note] InnoDB: Waiting for purge to start
2024-11-18 16:29:22 0 [Note] InnoDB: 10.4.32 started; log sequence number 300297; transaction id 170
2024-11-18 16:29:22 0 [Note] InnoDB: Loading buffer pool(s) from C:\xampp\mysql\data\ib_buffer_pool
2024-11-18 16:29:22 0 [Note] Plugin 'FEEDBACK' is disabled.
2024-11-18 16:29:22 0 [Note] InnoDB: Buffer pool(s) load completed at 241118 16:29:22
2024-11-18 16:29:23 0 [Note] Server socket created on IP: '::'.
2024-11-18 16:40:36 0 [Note] Starting MariaDB 10.4.32-MariaDB source revision c4143f909528e3fab0677a28631d10389354c491 as process 10420
2024-11-18 16:40:36 0 [Note] InnoDB: Mutexes and rw_locks use Windows interlocked functions
2024-11-18 16:40:36 0 [Note] InnoDB: Uses event mutexes
2024-11-18 16:40:36 0 [Note] InnoDB: Compressed tables use zlib 1.3
2024-11-18 16:40:36 0 [Note] InnoDB: Number of pools: 1
2024-11-18 16:40:36 0 [Note] InnoDB: Using SSE2 crc32 instructions
2024-11-18 16:40:36 0 [Note] InnoDB: Initializing buffer pool, total size = 16M, instances = 1, chunk size = 16M
2024-11-18 16:40:36 0 [Note] InnoDB: Completed initialization of buffer pool
2024-11-18 16:40:36 0 [Note] InnoDB: Starting crash recovery from checkpoint LSN=300306
2024-11-18 16:40:36 0 [Note] InnoDB: 128 out of 128 rollback segments are active.
2024-11-18 16:40:36 0 [Note] InnoDB: Removed temporary tablespace data file: "ibtmp1"
2024-11-18 16:40:36 0 [Note] InnoDB: Creating shared tablespace for temporary tables
2024-11-18 16:40:36 0 [Note] InnoDB: Setting file 'C:\xampp\mysql\data\ibtmp1' size to 12 MB. Physically writing the file full; Please wait ...
2024-11-18 16:40:36 0 [Note] InnoDB: File 'C:\xampp\mysql\data\ibtmp1' size is now 12 MB.
2024-11-18 16:40:36 0 [Note] InnoDB: Waiting for purge to start
2024-11-18 16:40:36 0 [Note] InnoDB: 10.4.32 started; log sequence number 300315; transaction id 170
2024-11-18 16:40:36 0 [Note] InnoDB: Loading buffer pool(s) from C:\xampp\mysql\data\ib_buffer_pool
2024-11-18 16:40:36 0 [Note] Plugin 'FEEDBACK' is disabled.
2024-11-18 16:40:36 0 [Note] InnoDB: Buffer pool(s) load completed at 241118 16:40:36
2024-11-18 16:40:36 0 [Note] Server socket created on IP: '::'.
2024-11-22 18:00:13 0 [Note] Starting MariaDB 10.4.32-MariaDB source revision c4143f909528e3fab0677a28631d10389354c491 as process 13960
2024-11-22 18:00:13 0 [Note] InnoDB: Mutexes and rw_locks use Windows interlocked functions
2024-11-22 18:00:13 0 [Note] InnoDB: Uses event mutexes
2024-11-22 18:00:13 0 [Note] InnoDB: Compressed tables use zlib 1.3
2024-11-22 18:00:13 0 [Note] InnoDB: Number of pools: 1
2024-11-22 18:00:13 0 [Note] InnoDB: Using SSE2 crc32 instructions
2024-11-22 18:00:13 0 [Note] InnoDB: Initializing buffer pool, total size = 16M, instances = 1, chunk size = 16M
2024-11-22 18:00:13 0 [Note] InnoDB: Completed initialization of buffer pool
2024-11-22 18:00:13 0 [Note] InnoDB: Starting crash recovery from checkpoint LSN=300324
2024-11-22 18:00:13 0 [Note] InnoDB: 128 out of 128 rollback segments are active.
2024-11-22 18:00:13 0 [Note] InnoDB: Removed temporary tablespace data file: "ibtmp1"
2024-11-22 18:00:13 0 [Note] InnoDB: Creating shared tablespace for temporary tables
2024-11-22 18:00:13 0 [Note] InnoDB: Setting file 'C:\xampp\mysql\data\ibtmp1' size to 12 MB. Physically writing the file full; Please wait ...
2024-11-22 18:00:13 0 [Note] InnoDB: File 'C:\xampp\mysql\data\ibtmp1' size is now 12 MB.
2024-11-22 18:00:13 0 [Note] InnoDB: Waiting for purge to start
2024-11-22 18:00:13 0 [Note] InnoDB: 10.4.32 started; log sequence number 300333; transaction id 170
2024-11-22 18:00:13 0 [Note] InnoDB: Loading buffer pool(s) from C:\xampp\mysql\data\ib_buffer_pool
2024-11-22 18:00:13 0 [Note] Plugin 'FEEDBACK' is disabled.
2024-11-22 18:00:13 0 [Note] InnoDB: Buffer pool(s) load completed at 241122 18:00:13
2024-11-22 18:00:13 0 [Note] Server socket created on IP: '::'.
2024-11-22 18:44:15 0 [Note] Starting MariaDB 10.4.32-MariaDB source revision c4143f909528e3fab0677a28631d10389354c491 as process 4912
2024-11-22 18:44:15 0 [Note] InnoDB: Mutexes and rw_locks use Windows interlocked functions
2024-11-22 18:44:15 0 [Note] InnoDB: Uses event mutexes
2024-11-22 18:44:15 0 [Note] InnoDB: Compressed tables use zlib 1.3
2024-11-22 18:44:15 0 [Note] InnoDB: Number of pools: 1
2024-11-22 18:44:15 0 [Note] InnoDB: Using SSE2 crc32 instructions
2024-11-22 18:44:15 0 [Note] InnoDB: Initializing buffer pool, total size = 16M, instances = 1, chunk size = 16M
2024-11-22 18:44:15 0 [Note] InnoDB: Completed initialization of buffer pool
2024-11-22 18:44:15 0 [Note] InnoDB: Starting crash recovery from checkpoint LSN=301090
2024-11-22 18:44:16 0 [Note] InnoDB: 128 out of 128 rollback segments are active.
2024-11-22 18:44:16 0 [Note] InnoDB: Removed temporary tablespace data file: "ibtmp1"
2024-11-22 18:44:16 0 [Note] InnoDB: Creating shared tablespace for temporary tables
2024-11-22 18:44:16 0 [Note] InnoDB: Setting file 'C:\xampp\mysql\data\ibtmp1' size to 12 MB. Physically writing the file full; Please wait ...
2024-11-22 18:44:16 0 [Note] InnoDB: File 'C:\xampp\mysql\data\ibtmp1' size is now 12 MB.
2024-11-22 18:44:16 0 [Note] InnoDB: Waiting for purge to start
2024-11-22 18:44:16 0 [Note] InnoDB: 10.4.32 started; log sequence number 301099; transaction id 195
2024-11-22 18:44:16 0 [Note] InnoDB: Loading buffer pool(s) from C:\xampp\mysql\data\ib_buffer_pool
2024-11-22 18:44:16 0 [Note] Plugin 'FEEDBACK' is disabled.
2024-11-22 18:44:16 0 [Note] InnoDB: Buffer pool(s) load completed at 241122 18:44:16
2024-11-22 18:44:16 0 [Note] Server socket created on IP: '::'.
2024-11-24 18:50:28 0 [Note] Starting MariaDB 10.4.32-MariaDB source revision c4143f909528e3fab0677a28631d10389354c491 as process 12984
2024-11-24 18:50:28 0 [Note] mysqld.exe: Aria engine: starting recovery
recovered pages: 0% 50% 95% 100% (0.0 seconds); tables to flush: 1 0
 (0.0 seconds); 
2024-11-24 18:50:28 0 [Note] mysqld.exe: Aria engine: recovery done
2024-11-24 18:50:28 0 [Note] InnoDB: Mutexes and rw_locks use Windows interlocked functions
2024-11-24 18:50:28 0 [Note] InnoDB: Uses event mutexes
2024-11-24 18:50:28 0 [Note] InnoDB: Compressed tables use zlib 1.3
2024-11-24 18:50:28 0 [Note] InnoDB: Number of pools: 1
2024-11-24 18:50:28 0 [Note] InnoDB: Using SSE2 crc32 instructions
2024-11-24 18:50:28 0 [Note] InnoDB: Initializing buffer pool, total size = 16M, instances = 1, chunk size = 16M
2024-11-24 18:50:28 0 [Note] InnoDB: Completed initialization of buffer pool
2024-11-24 18:50:28 0 [Note] InnoDB: Starting crash recovery from checkpoint LSN=877729
2024-11-24 18:50:29 0 [Note] InnoDB: 128 out of 128 rollback segments are active.
2024-11-24 18:50:29 0 [Note] InnoDB: Removed temporary tablespace data file: "ibtmp1"
2024-11-24 18:50:29 0 [Note] InnoDB: Creating shared tablespace for temporary tables
2024-11-24 18:50:29 0 [Note] InnoDB: Setting file 'C:\xampp\mysql\data\ibtmp1' size to 12 MB. Physically writing the file full; Please wait ...
2024-11-24 18:50:29 0 [Note] InnoDB: File 'C:\xampp\mysql\data\ibtmp1' size is now 12 MB.
2024-11-24 18:50:29 0 [Note] InnoDB: Waiting for purge to start
2024-11-24 18:50:29 0 [Note] InnoDB: 10.4.32 started; log sequence number 877738; transaction id 4246
2024-11-24 18:50:29 0 [Note] InnoDB: Loading buffer pool(s) from C:\xampp\mysql\data\ib_buffer_pool
2024-11-24 18:50:29 0 [Note] InnoDB: Buffer pool(s) load completed at 241124 18:50:29
2024-11-24 18:50:29 0 [Note] Plugin 'FEEDBACK' is disabled.
2024-11-24 18:50:29 0 [Note] Server socket created on IP: '::'.
2024-11-25 17:08:10 0 [Note] Starting MariaDB 10.4.32-MariaDB source revision c4143f909528e3fab0677a28631d10389354c491 as process 6652
2024-11-25 17:08:10 0 [Note] InnoDB: Mutexes and rw_locks use Windows interlocked functions
2024-11-25 17:08:10 0 [Note] InnoDB: Uses event mutexes
2024-11-25 17:08:10 0 [Note] InnoDB: Compressed tables use zlib 1.3
2024-11-25 17:08:10 0 [Note] InnoDB: Number of pools: 1
2024-11-25 17:08:10 0 [Note] InnoDB: Using SSE2 crc32 instructions
2024-11-25 17:08:10 0 [Note] InnoDB: Initializing buffer pool, total size = 16M, instances = 1, chunk size = 16M
2024-11-25 17:08:10 0 [Note] InnoDB: Completed initialization of buffer pool
2024-11-25 17:08:10 0 [Note] InnoDB: Starting crash recovery from checkpoint LSN=878048
2024-11-25 17:08:10 0 [Note] InnoDB: 128 out of 128 rollback segments are active.
2024-11-25 17:08:10 0 [Note] InnoDB: Removed temporary tablespace data file: "ibtmp1"
2024-11-25 17:08:10 0 [Note] InnoDB: Creating shared tablespace for temporary tables
2024-11-25 17:08:10 0 [Note] InnoDB: Setting file 'C:\xampp\mysql\data\ibtmp1' size to 12 MB. Physically writing the file full; Please wait ...
2024-11-25 17:08:10 0 [Note] InnoDB: File 'C:\xampp\mysql\data\ibtmp1' size is now 12 MB.
2024-11-25 17:08:10 0 [Note] InnoDB: Waiting for purge to start
2024-11-25 17:08:10 0 [Note] InnoDB: 10.4.32 started; log sequence number 878057; transaction id 4269
2024-11-25 17:08:10 0 [Note] InnoDB: Loading buffer pool(s) from C:\xampp\mysql\data\ib_buffer_pool
2024-11-25 17:08:10 0 [Note] Plugin 'FEEDBACK' is disabled.
2024-11-25 17:08:10 0 [Note] InnoDB: Buffer pool(s) load completed at 241125 17:08:10
2024-11-25 17:08:10 0 [Note] Server socket created on IP: '::'.
2024-11-26 16:38:17 0 [Note] Starting MariaDB 10.4.32-MariaDB source revision c4143f909528e3fab0677a28631d10389354c491 as process 2620
2024-11-26 16:38:17 0 [Note] InnoDB: Mutexes and rw_locks use Windows interlocked functions
2024-11-26 16:38:17 0 [Note] InnoDB: Uses event mutexes
2024-11-26 16:38:17 0 [Note] InnoDB: Compressed tables use zlib 1.3
2024-11-26 16:38:17 0 [Note] InnoDB: Number of pools: 1
2024-11-26 16:38:17 0 [Note] InnoDB: Using SSE2 crc32 instructions
2024-11-26 16:38:17 0 [Note] InnoDB: Initializing buffer pool, total size = 16M, instances = 1, chunk size = 16M
2024-11-26 16:38:17 0 [Note] InnoDB: Completed initialization of buffer pool
2024-11-26 16:38:17 0 [Note] InnoDB: Starting crash recovery from checkpoint LSN=878399
2024-11-26 16:38:17 0 [Note] InnoDB: 128 out of 128 rollback segments are active.
2024-11-26 16:38:17 0 [Note] InnoDB: Removed temporary tablespace data file: "ibtmp1"
2024-11-26 16:38:17 0 [Note] InnoDB: Creating shared tablespace for temporary tables
2024-11-26 16:38:17 0 [Note] InnoDB: Setting file 'C:\xampp\mysql\data\ibtmp1' size to 12 MB. Physically writing the file full; Please wait ...
2024-11-26 16:38:17 0 [Note] InnoDB: File 'C:\xampp\mysql\data\ibtmp1' size is now 12 MB.
2024-11-26 16:38:17 0 [Note] InnoDB: Waiting for purge to start
2024-11-26 16:38:17 0 [Note] InnoDB: 10.4.32 started; log sequence number 878408; transaction id 4292
2024-11-26 16:38:17 0 [Note] InnoDB: Loading buffer pool(s) from C:\xampp\mysql\data\ib_buffer_pool
2024-11-26 16:38:17 0 [Note] Plugin 'FEEDBACK' is disabled.
2024-11-26 16:38:17 0 [Note] InnoDB: Buffer pool(s) load completed at 241126 16:38:17
2024-11-26 16:38:17 0 [Note] Server socket created on IP: '::'.
2024-12-05 17:37:03 0 [Note] Starting MariaDB 10.4.32-MariaDB source revision c4143f909528e3fab0677a28631d10389354c491 as process 10640
2024-12-05 17:37:03 0 [Note] mysqld.exe: Aria engine: starting recovery
tables to flush: 1 0
 (0.0 seconds); 
2024-12-05 17:37:03 0 [Note] mysqld.exe: Aria engine: recovery done
2024-12-05 17:37:03 0 [Note] InnoDB: Mutexes and rw_locks use Windows interlocked functions
2024-12-05 17:37:03 0 [Note] InnoDB: Uses event mutexes
2024-12-05 17:37:03 0 [Note] InnoDB: Compressed tables use zlib 1.3
2024-12-05 17:37:03 0 [Note] InnoDB: Number of pools: 1
2024-12-05 17:37:03 0 [Note] InnoDB: Using SSE2 crc32 instructions
2024-12-05 17:37:03 0 [Note] InnoDB: Initializing buffer pool, total size = 16M, instances = 1, chunk size = 16M
2024-12-05 17:37:03 0 [Note] InnoDB: Completed initialization of buffer pool
2024-12-05 17:37:03 0 [Note] InnoDB: Starting crash recovery from checkpoint LSN=1066872
2024-12-05 17:37:03 0 [Note] InnoDB: 128 out of 128 rollback segments are active.
2024-12-05 17:37:03 0 [Note] InnoDB: Removed temporary tablespace data file: "ibtmp1"
2024-12-05 17:37:03 0 [Note] InnoDB: Creating shared tablespace for temporary tables
2024-12-05 17:37:03 0 [Note] InnoDB: Setting file 'C:\xampp\mysql\data\ibtmp1' size to 12 MB. Physically writing the file full; Please wait ...
2024-12-05 17:37:03 0 [Note] InnoDB: File 'C:\xampp\mysql\data\ibtmp1' size is now 12 MB.
2024-12-05 17:37:03 0 [Note] InnoDB: Waiting for purge to start
2024-12-05 17:37:03 0 [Note] InnoDB: 10.4.32 started; log sequence number 1066881; transaction id 5702
2024-12-05 17:37:04 0 [Note] InnoDB: Loading buffer pool(s) from C:\xampp\mysql\data\ib_buffer_pool
2024-12-05 17:37:04 0 [Note] InnoDB: Buffer pool(s) load completed at 241205 17:37:04
2024-12-05 17:37:04 0 [Note] Plugin 'FEEDBACK' is disabled.
2024-12-05 17:37:04 0 [Note] Server socket created on IP: '::'.
2024-12-05 20:21:17 0 [Note] Starting MariaDB 10.4.32-MariaDB source revision c4143f909528e3fab0677a28631d10389354c491 as process 984
2024-12-05 20:21:17 0 [Note] InnoDB: Mutexes and rw_locks use Windows interlocked functions
2024-12-05 20:21:17 0 [Note] InnoDB: Uses event mutexes
2024-12-05 20:21:17 0 [Note] InnoDB: Compressed tables use zlib 1.3
2024-12-05 20:21:17 0 [Note] InnoDB: Number of pools: 1
2024-12-05 20:21:17 0 [Note] InnoDB: Using SSE2 crc32 instructions
2024-12-05 20:21:17 0 [Note] InnoDB: Initializing buffer pool, total size = 16M, instances = 1, chunk size = 16M
2024-12-05 20:21:17 0 [Note] InnoDB: Completed initialization of buffer pool
2024-12-05 20:21:17 0 [Note] InnoDB: Starting crash recovery from checkpoint LSN=1067899
2024-12-05 20:21:17 0 [Note] InnoDB: 128 out of 128 rollback segments are active.
2024-12-05 20:21:17 0 [Note] InnoDB: Removed temporary tablespace data file: "ibtmp1"
2024-12-05 20:21:17 0 [Note] InnoDB: Creating shared tablespace for temporary tables
2024-12-05 20:21:17 0 [Note] InnoDB: Setting file 'C:\xampp\mysql\data\ibtmp1' size to 12 MB. Physically writing the file full; Please wait ...
2024-12-05 20:21:17 0 [Note] InnoDB: File 'C:\xampp\mysql\data\ibtmp1' size is now 12 MB.
2024-12-05 20:21:17 0 [Note] InnoDB: Waiting for purge to start
2024-12-05 20:21:17 0 [Note] InnoDB: 10.4.32 started; log sequence number 1067908; transaction id 5728
2024-12-05 20:21:17 0 [Note] InnoDB: Loading buffer pool(s) from C:\xampp\mysql\data\ib_buffer_pool
2024-12-05 20:21:17 0 [Note] Plugin 'FEEDBACK' is disabled.
2024-12-05 20:21:17 0 [Note] InnoDB: Buffer pool(s) load completed at 241205 20:21:17
2024-12-05 20:21:17 0 [Note] Server socket created on IP: '::'.
2024-12-13 17:02:58 0 [Note] Starting MariaDB 10.4.32-MariaDB source revision c4143f909528e3fab0677a28631d10389354c491 as process 4840
2024-12-13 17:02:58 0 [Note] InnoDB: Mutexes and rw_locks use Windows interlocked functions
2024-12-13 17:02:58 0 [Note] InnoDB: Uses event mutexes
2024-12-13 17:02:58 0 [Note] InnoDB: Compressed tables use zlib 1.3
2024-12-13 17:02:58 0 [Note] InnoDB: Number of pools: 1
2024-12-13 17:02:58 0 [Note] InnoDB: Using SSE2 crc32 instructions
2024-12-13 17:02:58 0 [Note] InnoDB: Initializing buffer pool, total size = 16M, instances = 1, chunk size = 16M
2024-12-13 17:02:58 0 [Note] InnoDB: Completed initialization of buffer pool
2024-12-13 17:02:58 0 [Note] InnoDB: Starting crash recovery from checkpoint LSN=1079000
2024-12-13 17:02:59 0 [Note] InnoDB: 128 out of 128 rollback segments are active.
2024-12-13 17:02:59 0 [Note] InnoDB: Removed temporary tablespace data file: "ibtmp1"
2024-12-13 17:02:59 0 [Note] InnoDB: Creating shared tablespace for temporary tables
2024-12-13 17:02:59 0 [Note] InnoDB: Setting file 'C:\xampp\mysql\data\ibtmp1' size to 12 MB. Physically writing the file full; Please wait ...
2024-12-13 17:02:59 0 [Note] InnoDB: File 'C:\xampp\mysql\data\ibtmp1' size is now 12 MB.
2024-12-13 17:02:59 0 [Note] InnoDB: Waiting for purge to start
2024-12-13 17:02:59 0 [Note] InnoDB: 10.4.32 started; log sequence number 1079009; transaction id 5821
2024-12-13 17:02:59 0 [Note] InnoDB: Loading buffer pool(s) from C:\xampp\mysql\data\ib_buffer_pool
2024-12-13 17:02:59 0 [Note] Plugin 'FEEDBACK' is disabled.
2024-12-13 17:02:59 0 [Note] InnoDB: Buffer pool(s) load completed at 241213 17:02:59
2024-12-13 17:02:59 0 [Note] Server socket created on IP: '::'.
